SF:lib/c/operations.dart
DA:58,3
DA:59,3
DA:60,3
DA:62,3
DA:63,3
DA:64,3
DA:66,3
DA:67,1
DA:68,2
DA:72,3
DA:73,0
DA:75,2
DA:76,3
DA:78,2
DA:79,3
DA:81,3
DA:83,2
DA:86,3
DA:87,2
DA:88,1
DA:91,3
DA:92,3
DA:93,3
DA:100,3
DA:101,0
DA:103,3
DA:104,0
DA:106,3
DA:107,0
DA:109,3
DA:111,3
DA:113,0
DA:116,3
DA:119,2
DA:122,3
DA:123,0
DA:124,0
DA:125,0
DA:126,0
DA:130,3
DA:131,0
DA:132,0
DA:133,0
DA:134,0
DA:138,3
DA:139,2
DA:141,3
DA:142,1
DA:143,4
DA:146,3
DA:147,0
DA:151,3
DA:152,0
DA:154,3
DA:155,0
DA:157,3
DA:159,2
DA:163,3
DA:164,1
DA:165,3
DA:167,0
DA:168,0
DA:170,4
DA:173,3
DA:174,4
DA:176,3
DA:177,1
DA:179,3
DA:182,0
DA:185,0
DA:186,0
DA:188,4
DA:191,3
DA:192,2
DA:194,3
DA:195,0
DA:197,2
DA:198,3
DA:200,3
DA:202,2
DA:203,1
DA:204,3
DA:206,3
DA:207,3
DA:208,1
DA:211,3
DA:213,7
DA:215,3
DA:217,7
DA:219,3
DA:221,7
DA:223,3
DA:225,0
DA:227,3
DA:228,2
DA:229,1
DA:230,2
DA:231,2
DA:235,3
DA:237,7
DA:239,3
DA:240,5
DA:242,3
DA:244,7
DA:246,3
DA:247,5
DA:254,3
DA:255,1
DA:256,1
DA:257,1
DA:258,1
DA:259,1
DA:260,1
DA:261,1
DA:262,1
DA:263,1
DA:264,1
DA:265,1
DA:271,1
DA:272,2
DA:273,0
DA:275,1
DA:276,2
DA:279,1
DA:280,1
DA:283,2
DA:284,2
DA:285,2
DA:286,2
DA:288,1
DA:290,1
DA:292,3
LF:132
LH:108
end_of_record
SF:lib/c/controller.dart
DA:67,1
DA:70,2
DA:75,1
DA:76,1
DA:78,1
DA:88,0
DA:89,0
DA:94,1
DA:96,1
DA:97,4
DA:98,0
DA:101,2
DA:108,1
DA:109,1
DA:111,2
DA:121,1
DA:122,3
DA:123,4
DA:129,1
DA:130,3
DA:131,3
DA:132,3
DA:136,0
DA:137,0
DA:140,0
DA:141,0
DA:142,0
DA:143,0
DA:153,1
DA:154,1
DA:158,0
DA:159,0
DA:163,0
DA:164,0
DA:166,0
DA:167,0
DA:168,0
DA:169,0
DA:200,0
DA:201,0
DA:202,0
DA:203,0
DA:221,1
DA:225,1
DA:226,3
DA:227,1
DA:228,2
DA:229,2
DA:231,1
DA:234,2
DA:235,2
DA:238,2
DA:240,1
DA:242,1
DA:244,1
DA:245,2
DA:248,1
DA:250,2
DA:253,1
DA:256,1
DA:257,0
DA:259,0
DA:260,0
DA:263,0
DA:264,0
DA:266,1
DA:269,0
DA:273,0
DA:275,0
DA:276,0
DA:278,0
DA:281,0
DA:282,0
DA:285,0
DA:309,3
DA:311,1
DA:313,0
DA:315,2
DA:319,1
DA:320,2
DA:322,1
DA:323,1
DA:326,0
DA:327,0
DA:329,1
DA:330,2
DA:332,1
DA:333,2
DA:335,0
DA:336,0
DA:337,0
DA:344,1
DA:346,2
DA:347,3
DA:348,2
DA:349,2
DA:350,5
DA:355,0
DA:357,1
DA:359,1
DA:360,1
DA:363,0
DA:365,0
DA:368,1
DA:371,1
DA:374,1
DA:375,1
DA:377,0
DA:379,0
DA:381,0
DA:382,0
DA:384,0
DA:385,0
DA:387,0
DA:388,0
DA:390,0
DA:391,0
DA:393,1
DA:394,2
DA:396,0
DA:397,0
DA:399,0
DA:400,0
DA:411,1
DA:421,0
DA:422,0
DA:433,4
DA:435,1
DA:437,1
DA:441,1
DA:443,1
DA:449,2
DA:458,1
DA:461,1
DA:468,1
DA:470,0
DA:473,1
DA:475,1
DA:501,1
DA:506,1
DA:508,0
DA:510,1
DA:512,0
DA:515,1
DA:516,2
DA:518,0
DA:519,0
DA:521,1
DA:524,2
DA:534,1
DA:537,2
DA:539,1
DA:541,2
DA:544,0
DA:545,0
DA:547,1
DA:557,0
DA:559,0
DA:562,0
DA:564,0
DA:567,0
DA:568,0
DA:570,0
DA:571,0
DA:600,1
DA:608,1
DA:612,1
DA:614,1
DA:621,1
DA:625,1
DA:627,1
DA:636,1
DA:639,1
DA:641,1
DA:651,1
DA:653,1
DA:655,1
DA:657,1
DA:659,1
DA:675,1
DA:678,2
DA:690,0
DA:697,0
DA:698,0
DA:705,0
DA:706,0
DA:707,0
DA:708,0
DA:709,0
DA:710,0
DA:711,0
DA:712,0
DA:729,1
DA:734,1
DA:735,1
DA:740,1
DA:743,1
DA:748,1
DA:749,1
DA:751,1
DA:754,1
DA:760,1
DA:767,1
DA:768,1
DA:773,1
DA:775,2
DA:776,3
DA:783,1
DA:784,1
DA:785,0
DA:786,0
DA:787,1
DA:792,1
DA:804,1
DA:806,2
DA:807,3
DA:808,2
DA:809,3
DA:810,4
DA:819,1
DA:820,1
DA:824,1
DA:826,1
DA:833,1
DA:835,1
DA:839,1
DA:841,1
DA:853,0
DA:854,0
DA:855,0
DA:856,0
DA:857,0
DA:858,0
DA:859,0
DA:860,0
DA:861,0
DA:862,0
DA:865,0
DA:866,0
DA:867,0
DA:868,0
DA:869,0
DA:873,0
DA:874,0
DA:875,0
DA:877,0
DA:881,0
DA:882,0
DA:885,0
DA:886,0
DA:887,0
DA:888,0
DA:889,0
DA:895,0
DA:899,0
DA:901,0
DA:902,0
DA:903,0
DA:905,0
DA:907,0
DA:911,0
DA:913,0
DA:914,0
DA:915,0
DA:916,0
DA:919,0
DA:920,0
DA:923,0
DA:924,0
DA:925,0
DA:926,0
DA:928,0
DA:929,0
DA:930,0
DA:931,0
DA:932,0
DA:938,0
DA:939,0
DA:940,0
DA:941,0
DA:942,0
DA:945,0
DA:946,0
DA:947,0
DA:951,0
DA:952,0
DA:953,0
DA:955,0
LF:288
LH:140
end_of_record
SF:lib/c/tests.dart
DA:47,1
DA:55,1
DA:56,1
DA:57,0
DA:58,0
DA:60,0
DA:61,0
DA:62,0
DA:65,0
DA:69,1
DA:70,0
DA:71,0
DA:73,0
DA:74,0
DA:76,0
DA:81,1
DA:82,3
DA:83,2
DA:85,2
DA:88,0
DA:89,0
DA:90,0
DA:91,0
DA:92,0
DA:93,0
DA:99,1
DA:100,1
DA:102,1
DA:103,3
DA:104,4
DA:105,4
DA:106,5
DA:108,3
DA:109,1
DA:110,2
DA:111,5
DA:112,2
DA:113,3
DA:114,4
DA:115,1
DA:116,2
DA:117,3
DA:118,2
DA:119,3
DA:121,3
DA:122,6
DA:123,8
DA:124,5
DA:125,6
DA:126,8
DA:127,6
DA:128,2
DA:129,6
DA:130,2
DA:131,4
DA:132,6
DA:133,2
DA:135,3
DA:136,4
DA:137,5
DA:138,6
DA:139,7
DA:140,6
DA:141,7
DA:143,3
DA:144,4
DA:145,5
DA:146,4
DA:147,5
DA:151,1
DA:152,1
DA:153,3
DA:154,3
DA:156,2
DA:157,3
DA:160,1
DA:161,1
DA:163,4
DA:164,4
DA:165,4
DA:166,4
DA:167,4
DA:168,4
DA:169,4
DA:170,4
DA:171,4
DA:172,4
DA:176,1
DA:177,2
DA:178,2
DA:179,2
DA:180,2
DA:181,5
DA:182,2
DA:183,2
DA:184,0
LF:96
LH:78
end_of_record
SF:lib/m/args.dart
DA:29,1
DA:30,1
DA:31,1
DA:32,1
DA:33,1
DA:34,1
DA:35,1
DA:37,1
DA:40,4
DA:41,3
DA:42,3
DA:43,3
DA:64,1
DA:66,1
DA:68,4
DA:69,3
DA:70,2
DA:73,2
DA:74,1
DA:80,1
DA:89,0
DA:93,6
DA:94,4
DA:95,1
DA:99,2
DA:103,2
DA:104,1
DA:106,1
DA:107,2
DA:108,1
DA:109,1
DA:110,2
DA:111,0
DA:113,2
DA:119,0
DA:121,0
DA:122,0
DA:124,0
DA:126,0
DA:127,0
DA:136,1
DA:138,1
DA:140,2
DA:141,1
DA:146,1
DA:155,0
DA:159,1
DA:160,2
DA:161,1
DA:171,0
DA:174,0
DA:176,0
DA:178,0
DA:179,0
DA:180,0
DA:182,0
DA:187,0
DA:196,0
DA:200,0
DA:201,0
DA:202,0
DA:203,0
DA:204,0
DA:205,0
DA:209,0
DA:220,1
DA:222,1
DA:224,2
DA:225,2
DA:226,1
DA:234,1
DA:241,2
DA:242,1
DA:251,1
DA:253,3
DA:254,6
DA:256,1
DA:257,1
DA:258,1
DA:259,1
DA:260,1
DA:261,5
DA:263,1
DA:264,1
DA:265,6
DA:272,1
DA:274,3
DA:275,6
DA:277,1
DA:278,1
DA:279,1
DA:280,1
DA:281,1
DA:282,5
DA:284,1
DA:285,1
DA:286,6
DA:291,3
DA:293,1
DA:299,1
DA:300,1
DA:301,1
DA:303,1
DA:305,1
DA:307,2
DA:308,1
DA:309,1
DA:310,0
DA:312,2
DA:313,1
DA:314,7
DA:319,1
DA:321,1
DA:322,0
DA:323,3
DA:324,1
DA:335,0
DA:337,0
DA:338,0
DA:339,0
DA:340,0
DA:341,0
DA:342,0
DA:343,0
DA:350,0
DA:351,0
DA:352,0
DA:353,0
DA:354,0
DA:355,0
DA:356,0
DA:357,0
DA:358,0
DA:359,0
DA:360,0
DA:362,0
DA:363,0
DA:372,0
DA:373,0
DA:374,0
DA:375,0
DA:376,0
DA:377,0
DA:378,0
DA:379,0
DA:380,0
DA:381,0
DA:382,0
DA:383,0
DA:385,0
DA:386,0
DA:394,0
DA:396,0
DA:398,0
DA:399,0
DA:405,0
DA:412,0
DA:413,0
DA:414,0
DA:425,1
DA:427,1
DA:429,1
DA:431,1
DA:438,1
DA:440,0
DA:448,1
DA:449,1
LF:167
LH:96
end_of_record
SF:lib/m/display_mode.dart
DA:34,1
DA:47,1
DA:49,3
DA:50,3
DA:51,3
DA:52,3
DA:56,2
DA:57,1
DA:58,2
DA:59,0
DA:60,0
DA:61,0
DA:62,0
DA:63,0
DA:64,0
DA:65,0
DA:66,0
DA:67,0
DA:69,7
DA:93,1
DA:95,1
DA:96,2
DA:97,1
DA:98,1
DA:100,4
DA:101,5
DA:102,4
DA:104,1
DA:107,2
DA:109,1
DA:110,2
DA:111,2
DA:115,1
DA:116,3
DA:117,0
DA:118,0
DA:119,0
DA:120,0
DA:121,0
DA:122,0
DA:124,0
DA:129,1
DA:137,1
DA:138,1
DA:152,2
DA:154,1
DA:156,1
DA:157,2
DA:161,1
DA:166,1
DA:168,1
DA:170,1
DA:174,1
DA:177,1
DA:180,1
DA:182,3
DA:183,2
DA:184,0
DA:185,0
DA:188,0
DA:191,3
DA:194,1
DA:196,1
DA:198,1
DA:200,2
DA:201,2
DA:202,2
DA:203,1
DA:204,2
DA:206,2
DA:207,4
DA:208,4
DA:209,2
DA:210,4
DA:211,2
DA:212,1
DA:213,4
DA:215,5
DA:216,0
DA:218,1
DA:219,2
DA:223,0
DA:225,0
DA:230,2
DA:232,1
DA:239,4
DA:242,1
DA:248,1
DA:251,1
DA:254,1
DA:257,0
DA:260,1
DA:265,0
DA:268,0
DA:271,0
DA:274,0
DA:277,1
DA:282,1
DA:285,1
DA:288,1
DA:291,0
DA:294,1
DA:299,2
DA:301,1
DA:304,1
DA:307,1
DA:310,1
DA:313,0
DA:315,0
DA:319,1
DA:321,1
DA:322,4
DA:325,1
DA:328,1
DA:330,3
DA:331,1
DA:333,1
DA:334,5
DA:336,1
DA:338,2
DA:341,1
DA:348,2
DA:350,0
DA:353,0
DA:357,1
DA:360,1
DA:363,1
DA:365,1
DA:369,1
DA:372,1
DA:374,1
DA:376,1
DA:379,1
DA:382,1
DA:383,1
DA:385,1
DA:388,1
DA:390,1
DA:392,1
DA:394,3
DA:395,2
DA:397,2
DA:398,2
DA:399,3
DA:400,1
DA:401,4
DA:402,1
DA:405,2
DA:406,2
DA:419,1
DA:420,3
DA:422,0
DA:423,0
DA:425,0
DA:427,0
DA:429,1
DA:430,2
DA:434,0
DA:436,0
DA:439,0
DA:443,0
DA:445,0
DA:450,3
DA:454,3
DA:460,1
DA:462,3
DA:463,1
DA:464,1
DA:465,1
DA:466,2
DA:467,1
DA:468,3
DA:469,1
DA:470,3
DA:472,4
DA:477,4
DA:480,1
DA:481,6
DA:483,1
DA:490,1
DA:492,1
DA:493,1
DA:494,3
DA:495,2
DA:496,1
DA:497,1
DA:498,1
DA:499,1
DA:501,0
DA:504,0
DA:506,1
DA:507,1
DA:508,2
DA:509,0
DA:510,0
DA:513,1
DA:514,1
DA:515,1
DA:516,5
DA:517,2
DA:520,1
DA:523,1
DA:525,1
DA:527,3
DA:528,1
DA:531,1
DA:532,2
DA:535,0
DA:536,1
DA:539,3
DA:540,2
DA:543,2
DA:544,1
DA:546,1
DA:547,1
DA:550,3
DA:551,3
DA:552,3
DA:561,1
DA:563,0
DA:564,0
DA:566,1
DA:567,3
DA:573,2
DA:575,0
DA:576,0
DA:578,0
DA:580,0
DA:581,0
DA:592,2
DA:594,1
DA:595,2
DA:597,1
DA:599,3
DA:608,1
DA:610,0
DA:616,0
DA:618,0
DA:619,0
DA:621,0
DA:623,0
LF:241
LH:182
end_of_record
SF:lib/m/model.dart
DA:85,1
DA:104,1
DA:107,1
DA:108,1
DA:124,1
DA:125,0
DA:127,1
DA:128,1
DA:143,0
DA:144,0
DA:145,0
DA:146,0
DA:147,0
DA:148,0
DA:149,0
DA:150,0
DA:151,0
DA:152,0
DA:153,0
DA:154,0
DA:155,0
DA:156,0
DA:157,0
DA:158,0
DA:159,0
DA:160,0
DA:162,0
DA:163,0
DA:165,0
DA:176,1
DA:180,1
DA:181,3
DA:184,1
DA:206,1
DA:207,5
DA:208,5
DA:211,0
DA:212,0
DA:213,0
DA:214,0
DA:215,0
DA:216,0
DA:217,0
DA:218,0
DA:219,0
DA:220,0
DA:221,0
DA:222,0
DA:223,0
DA:229,2
DA:230,0
DA:231,0
DA:232,0
DA:239,2
DA:240,0
DA:241,0
DA:242,0
DA:249,2
DA:250,0
DA:251,0
DA:252,0
DA:258,2
DA:259,0
DA:260,0
DA:261,0
DA:268,2
DA:269,1
DA:270,1
DA:273,1
DA:274,2
DA:283,2
DA:290,0
DA:291,0
DA:293,2
DA:295,0
DA:296,0
DA:299,0
DA:300,0
DA:301,0
DA:304,1
DA:305,1
DA:306,0
DA:307,1
DA:311,0
DA:312,0
DA:314,2
DA:318,2
DA:320,0
DA:321,0
DA:324,0
DA:325,0
DA:326,0
DA:329,1
DA:331,1
DA:332,1
DA:333,1
DA:335,0
DA:336,0
DA:341,0
DA:342,0
DA:348,2
DA:354,1
DA:355,1
DA:356,2
DA:357,1
DA:358,1
DA:359,1
DA:360,1
DA:361,2
DA:362,1
DA:363,2
DA:365,1
DA:366,2
DA:368,1
DA:369,2
DA:379,1
DA:380,3
DA:381,2
DA:382,2
DA:383,2
DA:384,2
DA:385,4
DA:386,2
DA:387,2
DA:388,1
DA:389,1
DA:390,1
DA:391,1
DA:392,3
DA:393,1
DA:395,2
DA:397,1
DA:398,2
DA:426,2
DA:427,2
DA:438,1
DA:439,1
DA:440,4
DA:441,3
DA:461,1
DA:472,1
DA:473,2
DA:474,1
DA:475,2
DA:476,1
DA:477,2
DA:479,2
DA:491,0
DA:492,0
DA:493,0
DA:494,0
DA:495,0
DA:496,0
DA:499,3
DA:502,5
DA:505,4
DA:508,0
DA:511,0
DA:513,1
DA:514,1
DA:515,1
DA:516,1
DA:517,1
DA:518,1
DA:519,0
DA:521,2
DA:522,1
DA:523,1
DA:524,2
DA:531,0
DA:532,0
DA:533,0
DA:534,0
DA:535,0
DA:536,0
DA:537,0
DA:539,0
DA:543,4
DA:546,0
DA:549,0
DA:553,1
DA:554,1
DA:555,1
DA:556,1
DA:561,1
DA:562,3
DA:567,3
DA:571,0
DA:572,0
DA:573,0
DA:574,0
DA:579,1
DA:580,2
DA:581,1
DA:582,1
DA:586,4
DA:588,3
DA:590,0
DA:591,0
DA:592,0
DA:593,0
DA:594,0
DA:597,3
DA:598,5
DA:599,4
DA:600,0
DA:601,1
DA:602,2
DA:603,1
DA:604,1
DA:607,4
DA:608,0
DA:609,0
DA:611,3
DA:612,0
DA:614,1
DA:615,2
DA:617,6
DA:618,1
DA:624,2
DA:625,0
DA:626,1
DA:627,1
DA:628,1
DA:629,0
DA:631,1
DA:634,0
DA:635,0
DA:636,0
DA:637,0
DA:640,3
DA:642,0
DA:643,0
DA:645,1
DA:646,1
DA:647,1
DA:648,1
DA:649,1
DA:650,1
DA:656,1
DA:657,1
DA:658,1
DA:661,2
DA:662,0
DA:664,2
DA:665,4
DA:666,3
DA:667,4
DA:668,5
DA:670,1
DA:671,1
DA:672,4
DA:673,2
DA:675,2
DA:676,1
DA:679,2
DA:680,1
DA:681,2
DA:682,1
DA:683,1
DA:684,1
DA:687,2
DA:689,1
DA:692,3
DA:694,4
DA:695,1
DA:696,1
DA:697,2
DA:698,1
DA:701,1
DA:702,1
DA:707,3
DA:709,2
DA:710,0
DA:711,0
DA:712,0
DA:718,1
DA:719,3
DA:720,0
DA:722,2
DA:723,2
DA:724,1
DA:727,1
DA:728,3
DA:729,0
DA:731,2
DA:736,1
DA:737,3
DA:738,2
DA:739,1
DA:740,1
DA:743,1
DA:744,1
DA:746,2
DA:747,2
DA:748,2
DA:752,2
DA:753,2
DA:754,2
DA:755,1
DA:758,1
DA:759,1
DA:761,1
DA:762,2
DA:763,1
DA:767,2
DA:768,2
DA:769,2
DA:770,1
DA:774,1
DA:775,1
DA:777,2
DA:778,2
DA:779,2
DA:783,2
DA:784,2
DA:785,1
DA:789,1
DA:790,1
DA:792,1
DA:793,2
DA:794,2
DA:795,2
DA:796,1
DA:800,2
DA:801,2
DA:802,2
DA:803,1
DA:807,1
DA:808,1
DA:810,1
DA:811,2
DA:812,2
DA:813,2
DA:814,1
DA:818,2
DA:819,2
DA:820,2
DA:821,1
DA:830,0
DA:839,3
DA:841,1
DA:842,1
DA:844,2
DA:845,1
DA:846,1
DA:847,1
DA:848,1
DA:849,1
DA:850,1
DA:851,1
DA:852,1
DA:853,1
DA:854,2
DA:855,2
DA:856,2
DA:857,2
DA:858,2
DA:866,1
DA:867,5
DA:868,1
DA:869,2
DA:875,3
DA:880,0
DA:881,0
DA:882,0
DA:883,0
DA:884,0
DA:885,0
DA:886,0
DA:888,0
DA:889,0
DA:890,0
DA:892,0
DA:893,0
DA:894,0
DA:895,0
DA:902,1
DA:903,2
DA:904,1
DA:910,1
DA:911,1
DA:912,1
DA:913,0
DA:915,1
DA:916,2
DA:917,3
DA:918,2
DA:920,0
DA:922,3
DA:923,3
DA:924,2
DA:925,6
DA:926,3
DA:927,1
DA:928,0
DA:929,0
DA:931,2
DA:932,3
DA:933,1
DA:935,0
DA:936,0
DA:946,1
DA:947,2
DA:948,0
DA:950,1
DA:952,2
DA:953,0
DA:954,0
DA:957,2
DA:958,3
DA:959,3
DA:960,1
DA:961,2
DA:962,1
DA:963,3
DA:966,2
DA:968,3
DA:969,4
DA:971,3
DA:973,1
DA:975,0
DA:977,0
DA:978,0
DA:981,1
DA:983,1
DA:985,0
DA:988,3
DA:989,3
DA:991,3
DA:992,1
DA:994,1
DA:996,0
DA:998,2
DA:999,1
DA:1002,0
DA:1003,0
DA:1004,0
DA:1007,0
DA:1009,0
DA:1014,0
DA:1015,0
DA:1016,0
DA:1019,0
DA:1020,0
DA:1023,0
DA:1024,0
DA:1025,0
DA:1026,0
DA:1034,0
DA:1036,0
DA:1038,0
DA:1042,0
DA:1043,2
DA:1045,0
DA:1047,0
DA:1048,0
DA:1049,0
DA:1052,0
DA:1054,0
DA:1056,0
DA:1057,0
DA:1062,0
DA:1064,0
DA:1069,0
DA:1072,0
DA:1073,0
DA:1074,0
DA:1076,0
DA:1078,0
DA:1107,0
DA:1108,0
DA:1110,1
DA:1114,2
DA:1115,6
DA:1116,5
DA:1118,0
DA:1119,0
DA:1121,0
DA:1122,0
DA:1124,0
DA:1125,0
DA:1144,2
DA:1145,1
DA:1146,0
DA:1147,0
DA:1148,0
DA:1149,0
DA:1161,1
DA:1174,1
DA:1176,2
DA:1178,1
DA:1179,1
DA:1180,1
DA:1183,1
DA:1184,2
DA:1185,2
DA:1188,0
DA:1189,0
DA:1190,0
DA:1193,1
DA:1194,2
DA:1195,2
DA:1211,3
DA:1213,1
DA:1214,4
DA:1216,1
DA:1219,3
DA:1221,1
DA:1222,1
DA:1223,1
DA:1226,1
DA:1227,1
DA:1228,1
DA:1231,0
DA:1233,1
DA:1234,2
DA:1235,2
DA:1236,1
DA:1238,2
DA:1240,3
DA:1241,4
DA:1242,2
DA:1243,0
DA:1247,2
DA:1248,1
DA:1249,1
DA:1250,1
DA:1252,5
DA:1253,5
DA:1255,1
DA:1257,0
DA:1259,1
DA:1260,1
DA:1261,3
DA:1262,2
DA:1265,3
DA:1266,5
DA:1267,5
DA:1269,1
DA:1270,3
DA:1271,1
DA:1273,1
DA:1275,1
DA:1277,0
DA:1279,0
DA:1280,0
DA:1282,1
DA:1285,1
DA:1289,1
DA:1290,2
DA:1293,0
DA:1294,0
DA:1297,0
DA:1298,0
DA:1299,0
DA:1301,0
DA:1302,0
DA:1305,0
DA:1309,1
DA:1310,8
DA:1313,0
DA:1315,0
DA:1316,0
DA:1318,1
DA:1319,5
DA:1320,1
DA:1323,4
DA:1325,2
DA:1328,1
DA:1330,1
DA:1333,2
DA:1334,2
DA:1336,1
DA:1344,1
DA:1346,0
DA:1348,1
DA:1349,1
DA:1350,1
DA:1352,2
DA:1353,1
DA:1355,1
DA:1356,3
DA:1358,1
DA:1359,1
DA:1366,1
DA:1368,4
DA:1370,0
DA:1371,0
DA:1372,0
DA:1373,0
DA:1374,0
DA:1376,0
DA:1377,0
DA:1378,0
DA:1380,1
DA:1381,1
DA:1390,1
DA:1396,2
DA:1398,1
DA:1399,2
DA:1400,2
DA:1404,0
DA:1421,0
DA:1423,0
DA:1425,0
DA:1426,0
DA:1427,0
DA:1428,0
DA:1429,0
DA:1432,0
DA:1433,0
DA:1434,0
DA:1435,0
DA:1439,0
DA:1440,0
DA:1441,0
DA:1444,0
DA:1445,0
DA:1448,0
DA:1449,0
DA:1450,0
DA:1451,0
DA:1453,0
LF:624
LH:386
end_of_record
SF:lib/m/values.dart
DA:54,2
DA:55,1
DA:59,1
DA:60,3
DA:63,1
DA:64,3
DA:69,1
DA:72,2
DA:75,5
DA:76,5
DA:78,0
DA:79,0
DA:81,1
DA:83,4
DA:86,4
DA:87,0
DA:88,3
DA:89,1
DA:90,3
DA:91,1
DA:92,2
DA:93,2
DA:94,2
DA:95,2
DA:97,6
DA:98,6
DA:99,3
DA:100,3
DA:102,0
DA:105,1
DA:106,1
DA:107,0
DA:108,1
DA:109,0
DA:110,1
DA:111,0
DA:112,0
DA:116,1
DA:117,1
DA:122,1
DA:123,2
DA:124,3
DA:125,1
DA:126,2
DA:128,2
DA:129,1
DA:132,2
DA:133,3
DA:134,3
DA:136,1
DA:138,3
DA:141,2
DA:142,1
DA:143,2
DA:144,2
DA:146,2
DA:147,2
DA:150,2
DA:151,3
DA:152,2
DA:154,1
DA:156,1
DA:158,0
DA:159,4
DA:161,1
DA:163,0
DA:166,2
DA:168,2
DA:170,0
DA:172,1
DA:175,0
DA:176,0
DA:177,0
DA:182,0
DA:187,0
DA:188,0
DA:189,0
DA:198,1
DA:199,1
DA:201,2
DA:202,1
DA:203,7
DA:205,2
DA:206,1
DA:207,1
DA:208,1
DA:210,0
DA:213,6
DA:216,0
DA:217,0
DA:218,0
DA:219,0
DA:220,0
DA:221,0
DA:223,0
DA:229,1
DA:230,1
DA:231,5
DA:232,2
DA:233,2
DA:234,2
DA:235,0
DA:237,3
DA:240,0
DA:244,1
DA:245,2
DA:248,5
DA:252,4
DA:255,0
DA:259,0
DA:263,0
DA:266,1
DA:267,1
DA:268,1
DA:269,3
DA:270,0
DA:272,1
DA:275,3
DA:280,1
DA:281,4
DA:282,7
DA:283,3
LF:122
LH:90
end_of_record
SF:lib/m/sign_mode.dart
DA:23,1
DA:25,3
DA:26,3
DA:27,3
DA:28,3
DA:36,3
DA:55,2
DA:75,6
DA:79,1
DA:80,1
DA:81,1
DA:82,2
DA:83,1
DA:84,1
DA:85,2
DA:93,3
DA:94,1
DA:95,1
DA:96,1
DA:98,2
DA:100,1
DA:101,2
DA:102,2
DA:106,0
DA:109,1
DA:111,1
DA:112,1
DA:113,1
DA:116,1
DA:118,4
DA:120,3
DA:122,1
DA:124,2
DA:125,2
DA:128,1
DA:134,2
DA:136,0
DA:139,1
DA:140,3
DA:142,1
DA:143,3
DA:145,1
DA:148,1
DA:149,3
DA:152,3
DA:156,1
DA:158,1
DA:159,4
DA:162,2
DA:167,1
DA:169,2
DA:170,2
DA:171,1
DA:172,1
DA:174,0
DA:175,0
DA:178,2
DA:179,1
DA:180,3
DA:182,0
DA:183,0
DA:184,0
DA:189,1
DA:191,1
DA:192,2
DA:193,1
DA:195,1
DA:196,2
DA:197,2
DA:199,2
DA:201,2
DA:203,2
DA:205,6
DA:206,5
DA:209,1
DA:211,3
DA:213,0
DA:216,0
DA:219,0
DA:221,0
DA:225,2
DA:227,0
DA:230,1
DA:231,3
DA:232,1
DA:233,2
DA:235,1
DA:237,1
DA:238,3
DA:240,0
DA:242,7
DA:245,1
DA:247,1
DA:248,4
DA:251,4
DA:255,1
DA:257,2
DA:258,2
DA:259,1
DA:260,1
DA:262,0
DA:263,0
DA:266,2
DA:267,1
DA:268,5
DA:270,0
DA:271,0
DA:272,0
DA:273,0
DA:278,1
DA:280,1
DA:281,2
DA:282,1
DA:283,2
DA:285,1
DA:286,4
DA:288,6
DA:289,5
DA:292,1
DA:294,7
DA:296,0
DA:299,1
DA:304,2
DA:306,0
DA:309,1
DA:310,1
DA:311,1
DA:312,1
DA:314,0
DA:316,0
DA:320,1
DA:322,1
DA:325,1
DA:327,2
DA:328,1
DA:329,3
DA:330,6
DA:331,2
DA:332,0
DA:333,0
DA:335,1
DA:336,1
DA:340,1
DA:342,1
DA:343,2
DA:344,1
DA:345,1
DA:346,2
DA:348,1
DA:349,1
DA:350,4
DA:354,1
DA:356,1
DA:357,2
DA:358,3
DA:359,1
DA:361,3
DA:362,2
DA:365,0
DA:368,1
DA:373,2
DA:375,0
DA:378,0
DA:379,0
DA:381,0
DA:384,0
DA:386,0
DA:388,0
DA:390,0
DA:391,0
DA:392,0
DA:395,0
DA:397,0
DA:398,0
DA:401,0
LF:175
LH:135
end_of_record
SF:lib/m/memory.dart
DA:49,2
DA:55,2
DA:58,3
DA:61,4
DA:78,0
DA:79,0
DA:80,0
DA:82,0
DA:83,0
DA:86,1
DA:87,1
DA:88,4
DA:89,4
DA:91,1
DA:92,1
DA:93,1
DA:94,3
DA:97,3
DA:102,1
DA:103,1
DA:104,4
DA:105,5
DA:108,3
DA:109,2
DA:110,3
DA:119,1
DA:127,0
DA:136,0
DA:137,0
DA:139,0
DA:140,0
DA:142,0
DA:143,0
DA:145,0
DA:146,0
DA:148,1
DA:149,3
DA:152,1
DA:153,5
DA:156,3
DA:157,2
DA:158,1
DA:159,1
DA:161,1
DA:178,3
DA:180,3
DA:183,3
DA:185,5
DA:187,3
DA:189,1
DA:190,3
DA:191,1
DA:192,6
DA:194,1
DA:195,2
DA:196,7
DA:198,1
DA:199,2
DA:200,1
DA:205,3
DA:207,1
DA:208,3
DA:209,1
DA:210,1
DA:211,5
DA:213,2
DA:214,7
DA:215,1
DA:217,2
DA:220,1
DA:221,6
DA:222,2
DA:223,0
DA:228,4
DA:230,3
DA:231,3
DA:236,1
DA:237,2
DA:238,0
DA:239,0
DA:240,0
DA:243,0
DA:246,6
DA:247,2
DA:250,2
DA:255,1
DA:256,2
DA:259,1
DA:260,1
DA:261,2
DA:262,4
DA:263,3
DA:267,0
DA:270,1
DA:271,6
DA:326,1
DA:328,1
DA:329,1
DA:330,1
DA:331,1
DA:336,6
DA:338,3
DA:340,6
DA:343,2
DA:345,2
DA:347,1
DA:348,8
DA:350,1
DA:351,3
DA:352,0
DA:354,1
DA:357,3
DA:360,1
DA:361,1
DA:362,2
DA:363,3
DA:365,5
DA:366,3
DA:367,1
DA:368,3
DA:369,6
DA:371,1
DA:372,2
DA:373,0
DA:374,0
DA:375,0
DA:376,0
DA:377,0
DA:379,5
DA:380,4
DA:381,2
DA:382,2
DA:384,3
DA:387,0
DA:388,0
DA:389,0
DA:390,0
DA:391,0
DA:392,0
DA:393,0
DA:396,0
DA:401,0
DA:402,0
DA:403,0
DA:406,0
DA:407,0
DA:409,0
DA:410,0
DA:412,0
DA:416,1
DA:417,1
DA:418,2
DA:420,2
DA:421,3
DA:431,1
DA:432,2
DA:433,1
DA:434,1
DA:436,2
DA:437,2
DA:438,4
DA:439,0
DA:441,2
DA:446,1
DA:447,4
DA:448,1
DA:449,2
DA:450,2
DA:453,0
DA:457,1
DA:458,7
DA:460,3
DA:462,1
DA:464,4
DA:465,2
DA:468,1
DA:469,1
DA:470,1
DA:471,1
DA:474,2
DA:475,1
DA:476,1
DA:477,1
DA:478,1
DA:483,1
DA:484,2
DA:485,5
DA:486,0
DA:488,1
DA:489,1
DA:492,6
DA:493,1
DA:494,1
DA:495,0
DA:498,1
DA:500,0
DA:501,0
DA:504,2
DA:505,3
DA:506,0
DA:508,1
DA:510,1
DA:511,4
DA:512,3
DA:513,3
DA:516,1
DA:518,2
DA:522,1
DA:523,1
DA:524,3
DA:525,2
DA:526,1
DA:527,3
DA:528,1
DA:529,2
DA:530,4
DA:531,1
DA:532,2
DA:537,0
DA:538,0
DA:539,0
DA:540,0
DA:541,0
DA:542,0
DA:544,0
DA:548,0
DA:551,0
DA:552,0
DA:556,1
DA:557,3
DA:559,2
DA:562,3
DA:563,2
DA:564,1
DA:567,0
DA:568,0
DA:569,0
DA:570,0
DA:571,0
DA:573,0
DA:574,0
DA:575,0
DA:577,1
DA:578,1
DA:582,1
DA:583,2
DA:584,5
DA:586,2
DA:587,1
DA:591,1
DA:592,4
DA:593,1
DA:595,1
DA:596,1
DA:597,1
DA:599,2
DA:601,4
DA:607,1
DA:612,2
DA:613,3
DA:614,4
DA:615,1
DA:616,1
DA:618,2
DA:619,1
DA:624,1
DA:627,1
DA:628,2
DA:629,1
DA:632,3
DA:637,1
DA:638,1
DA:639,1
DA:650,7
DA:652,1
DA:654,1
DA:678,1
DA:687,1
DA:691,1
DA:706,1
DA:716,0
DA:728,1
DA:730,5
DA:734,3
DA:736,0
DA:738,0
DA:739,0
DA:745,3
DA:748,3
DA:750,0
DA:751,0
DA:779,1
DA:784,1
DA:792,1
DA:794,1
DA:797,3
DA:798,3
DA:799,3
DA:800,3
DA:805,1
DA:808,4
DA:809,2
DA:810,1
DA:811,1
DA:812,3
DA:813,1
DA:815,4
DA:816,2
DA:817,3
DA:818,1
DA:822,2
DA:823,6
DA:825,2
DA:826,5
DA:827,2
DA:829,5
DA:830,2
DA:832,1
DA:833,0
DA:837,3
DA:838,2
DA:839,1
DA:843,4
DA:845,2
DA:846,1
DA:847,1
DA:848,1
DA:849,3
DA:850,1
DA:855,2
DA:856,1
DA:857,1
DA:860,4
DA:861,2
DA:862,3
DA:863,1
DA:867,2
DA:868,2
DA:869,2
DA:871,2
DA:872,2
DA:873,3
DA:875,2
DA:876,2
DA:877,3
DA:879,1
DA:880,0
DA:881,0
DA:885,3
DA:886,1
DA:887,2
DA:888,2
DA:889,2
DA:890,2
DA:893,3
DA:894,2
DA:895,3
DA:896,3
DA:897,3
DA:898,5
DA:899,0
DA:900,2
DA:901,1
DA:902,0
DA:903,4
DA:904,4
DA:907,1
DA:909,1
DA:910,3
DA:911,3
DA:915,1
DA:920,2
DA:921,3
DA:923,0
DA:925,3
DA:926,3
DA:931,0
DA:932,0
DA:933,0
DA:936,1
DA:937,2
DA:940,1
DA:941,3
DA:947,3
DA:948,3
DA:949,3
DA:951,1
DA:952,3
DA:953,4
DA:954,2
DA:955,2
DA:958,3
DA:962,2
DA:964,3
DA:967,2
DA:968,3
DA:969,4
DA:980,0
DA:984,0
DA:988,0
DA:991,0
DA:994,0
DA:998,0
DA:1003,0
LF:404
LH:315
end_of_record
SF:lib/generic_main.dart
DA:753,0
DA:755,0
DA:757,0
DA:761,0
DA:762,0
DA:763,0
DA:765,0
DA:768,0
DA:769,0
DA:777,2
DA:779,0
DA:781,0
DA:783,0
DA:784,0
DA:785,0
DA:786,0
DA:789,0
DA:790,0
DA:793,0
DA:794,0
DA:796,0
DA:799,0
DA:802,0
DA:806,1
DA:807,1
DA:820,1
DA:822,3
DA:824,1
DA:826,1
DA:827,2
DA:828,0
DA:829,2
DA:832,1
DA:834,1
DA:835,2
DA:836,1
DA:837,1
DA:840,1
DA:842,1
DA:843,4
DA:845,1
DA:848,1
DA:849,1
DA:854,1
DA:855,1
DA:856,1
DA:858,0
DA:859,0
DA:861,0
DA:863,0
DA:865,0
DA:866,0
DA:869,0
DA:870,0
DA:871,0
DA:872,0
DA:874,0
DA:883,0
DA:885,0
DA:886,0
DA:887,0
DA:888,0
DA:889,0
DA:897,0
DA:898,0
DA:899,0
DA:900,0
DA:914,0
DA:917,0
DA:919,0
DA:921,0
DA:923,0
DA:929,0
DA:932,0
DA:933,0
DA:934,0
DA:935,0
DA:946,0
DA:947,0
DA:949,0
DA:951,0
DA:955,0
DA:959,1
DA:960,1
DA:964,4
DA:968,2
DA:969,0
DA:970,0
DA:973,0
DA:975,0
DA:976,0
DA:981,0
DA:983,0
DA:984,0
DA:985,0
DA:989,0
DA:990,0
DA:993,0
DA:995,0
DA:996,0
DA:997,0
DA:999,0
DA:1000,0
DA:1003,0
DA:1008,0
DA:1010,0
DA:1011,0
LF:107
LH:27
end_of_record
SF:lib/v/main_screen.dart
DA:51,0
DA:54,0
DA:55,0
DA:57,0
DA:58,0
DA:59,0
DA:60,0
DA:61,0
DA:62,0
DA:68,2
DA:70,0
DA:71,0
DA:76,0
DA:83,0
DA:84,0
DA:85,0
DA:87,0
DA:101,0
DA:103,0
DA:104,0
DA:114,0
DA:116,0
DA:119,0
DA:120,0
DA:121,0
DA:122,0
DA:123,0
DA:124,0
DA:125,0
DA:126,0
DA:129,0
DA:130,0
DA:131,0
DA:132,0
DA:133,0
DA:134,0
DA:138,0
DA:140,0
DA:144,0
DA:145,0
DA:146,0
DA:148,0
DA:149,0
DA:150,0
DA:151,0
DA:152,0
DA:153,0
DA:156,0
DA:157,0
DA:158,0
DA:159,0
DA:160,0
DA:161,0
DA:168,0
DA:169,0
DA:170,0
DA:171,0
DA:173,0
DA:174,0
DA:175,0
DA:176,0
DA:180,0
DA:181,0
DA:182,0
DA:188,0
DA:192,0
DA:193,0
DA:194,0
DA:197,0
DA:198,0
DA:201,0
DA:203,0
DA:205,0
DA:206,0
DA:208,0
DA:209,0
DA:212,0
DA:213,0
DA:215,0
DA:218,0
DA:219,0
DA:220,0
DA:221,0
DA:223,0
DA:225,0
DA:227,0
DA:229,0
DA:231,0
DA:233,0
DA:235,0
DA:237,0
DA:239,0
DA:240,0
DA:241,0
DA:242,0
DA:247,0
DA:249,0
DA:251,0
DA:252,0
DA:253,0
DA:254,0
DA:255,0
DA:256,0
DA:281,0
DA:283,0
DA:286,0
DA:289,0
DA:290,0
DA:291,0
DA:292,0
DA:294,0
DA:295,0
DA:298,0
DA:299,0
DA:301,0
DA:302,0
DA:305,0
DA:306,0
DA:307,0
DA:308,0
DA:309,0
DA:310,0
DA:311,0
DA:312,0
DA:316,0
DA:317,0
DA:318,0
DA:319,0
DA:321,0
DA:322,0
DA:323,0
DA:324,0
DA:325,0
DA:326,0
DA:327,0
DA:329,0
DA:330,0
DA:331,0
DA:332,0
DA:333,0
DA:334,0
DA:335,0
DA:339,0
DA:340,0
DA:344,0
DA:346,0
DA:350,0
DA:352,0
DA:353,0
DA:354,0
DA:356,0
DA:359,0
DA:361,0
DA:370,0
DA:372,0
DA:374,0
DA:375,0
DA:376,0
DA:377,0
DA:380,0
DA:393,0
DA:399,0
DA:401,0
DA:402,0
DA:403,0
DA:407,0
DA:408,0
DA:409,0
DA:410,0
DA:411,0
DA:412,0
DA:413,0
DA:416,0
DA:429,0
DA:431,0
DA:432,0
DA:436,0
DA:437,0
DA:438,0
DA:440,0
DA:442,0
DA:444,0
DA:445,0
DA:448,0
DA:450,0
DA:451,0
DA:454,0
DA:456,0
DA:459,0
DA:460,0
DA:461,0
DA:463,0
DA:464,0
DA:466,0
DA:467,0
DA:469,0
DA:470,0
DA:473,0
DA:475,0
DA:476,0
DA:477,0
DA:478,0
DA:479,0
DA:480,0
DA:481,0
DA:482,0
DA:484,0
DA:485,0
DA:486,0
DA:497,0
DA:498,0
DA:500,0
DA:502,0
DA:504,0
DA:505,0
DA:506,0
DA:508,0
DA:509,0
DA:510,0
DA:511,0
DA:512,0
DA:513,0
DA:516,0
DA:517,0
DA:518,0
DA:519,0
DA:522,0
DA:523,0
DA:524,0
DA:525,0
DA:527,0
DA:528,0
DA:531,0
DA:532,0
DA:533,0
DA:534,0
DA:536,0
DA:537,0
DA:538,0
DA:540,0
DA:542,0
DA:543,0
DA:544,0
DA:546,0
DA:547,0
DA:549,0
DA:550,0
DA:551,0
DA:557,0
DA:558,0
DA:559,0
DA:568,0
DA:570,0
DA:571,0
DA:572,0
DA:573,0
DA:574,0
DA:582,0
DA:584,0
DA:585,0
DA:589,0
DA:591,0
DA:593,0
DA:595,0
DA:598,0
DA:599,0
DA:600,0
DA:602,0
DA:603,0
DA:604,0
DA:605,0
DA:606,0
DA:607,0
DA:610,0
DA:611,0
DA:612,0
DA:613,0
DA:614,0
DA:617,0
DA:618,0
DA:619,0
DA:620,0
DA:621,0
DA:624,0
DA:625,0
DA:626,0
DA:627,0
DA:628,0
DA:631,0
DA:632,0
DA:633,0
DA:634,0
DA:635,0
DA:638,0
DA:639,0
DA:640,0
DA:641,0
DA:642,0
DA:645,0
DA:646,0
DA:647,0
DA:648,0
DA:649,0
DA:650,0
DA:652,0
DA:653,0
DA:654,0
DA:655,0
DA:656,0
DA:658,0
DA:659,0
DA:676,0
DA:677,0
DA:678,0
DA:679,0
DA:681,0
DA:682,0
DA:683,0
DA:684,0
DA:685,0
DA:686,0
DA:690,0
DA:691,0
DA:692,0
DA:705,0
DA:707,0
DA:708,0
DA:713,0
DA:715,0
DA:717,0
DA:718,0
DA:721,0
DA:723,0
DA:724,0
DA:725,0
DA:728,0
DA:729,0
DA:731,0
DA:744,0
DA:746,0
DA:747,0
DA:751,0
DA:753,0
DA:756,0
DA:757,0
DA:758,0
DA:759,0
DA:761,0
DA:762,0
DA:763,0
DA:764,0
DA:767,0
DA:768,0
DA:769,0
DA:770,0
DA:774,0
DA:775,0
DA:776,0
DA:777,0
DA:778,0
DA:779,0
DA:780,0
DA:781,0
DA:785,0
DA:786,0
DA:787,0
DA:795,0
DA:798,0
DA:800,0
DA:803,0
DA:806,0
DA:808,0
DA:809,0
DA:810,0
DA:821,0
DA:822,0
DA:824,0
DA:825,0
DA:829,0
DA:831,0
DA:834,0
DA:835,0
DA:836,0
DA:837,0
DA:839,0
DA:840,0
DA:841,0
DA:842,0
DA:845,0
DA:846,0
DA:847,0
DA:850,0
DA:851,0
DA:855,0
DA:856,0
DA:857,0
DA:866,0
DA:868,0
DA:870,0
DA:876,0
DA:878,0
DA:881,0
DA:884,0
DA:886,0
DA:890,0
DA:891,0
DA:892,0
DA:894,0
DA:895,0
DA:897,0
DA:900,0
DA:902,0
DA:903,0
DA:904,0
LF:414
LH:1
end_of_record
SF:lib/v/back_panel.dart
DA:12,2
DA:14,0
DA:16,0
DA:17,0
DA:18,0
DA:21,0
DA:22,0
DA:23,0
DA:29,0
DA:31,0
DA:32,0
DA:33,0
DA:36,0
DA:37,0
DA:38,0
DA:47,0
DA:48,0
DA:50,0
DA:51,0
DA:53,0
DA:54,0
DA:56,0
DA:63,0
DA:69,0
DA:70,0
DA:71,0
DA:72,0
DA:73,0
DA:74,0
DA:75,0
DA:76,0
DA:77,0
DA:79,0
DA:80,0
DA:81,0
DA:95,0
DA:100,0
DA:102,0
DA:123,0
DA:125,0
DA:126,0
DA:127,0
DA:128,0
DA:129,0
DA:131,0
DA:136,0
DA:137,0
DA:138,0
DA:139,0
DA:140,0
DA:141,0
DA:142,0
DA:143,0
DA:144,0
DA:145,0
DA:146,0
DA:147,0
DA:149,0
DA:150,0
DA:151,0
DA:152,0
DA:154,0
DA:157,0
DA:164,0
DA:168,0
DA:171,0
DA:174,0
DA:175,0
DA:176,0
DA:177,0
DA:178,0
DA:179,0
DA:180,0
DA:182,0
DA:185,0
DA:186,0
DA:188,0
DA:197,0
DA:199,0
DA:201,0
DA:202,0
DA:215,0
DA:217,0
DA:221,0
DA:222,0
DA:223,0
DA:225,0
DA:226,0
DA:227,0
DA:228,0
DA:229,0
DA:231,0
DA:239,0
DA:241,0
DA:245,0
DA:246,0
DA:247,0
DA:249,0
DA:250,0
DA:251,0
DA:252,0
DA:253,0
DA:255,0
DA:264,0
DA:266,0
DA:270,0
DA:271,0
DA:276,0
DA:278,0
DA:283,0
DA:286,0
DA:295,0
DA:297,0
DA:299,0
DA:300,0
DA:301,0
DA:309,0
DA:311,0
DA:318,0
DA:320,0
DA:321,0
DA:323,0
DA:325,0
DA:331,0
DA:333,0
DA:334,0
DA:336,0
DA:338,0
DA:339,0
DA:340,0
DA:355,0
DA:358,0
DA:364,0
DA:365,0
DA:368,0
DA:369,0
DA:370,0
DA:371,0
DA:373,0
DA:382,0
DA:384,0
DA:385,0
DA:386,0
DA:387,0
DA:389,0
DA:390,0
DA:391,0
DA:392,0
DA:394,0
DA:395,0
DA:396,0
DA:397,0
DA:398,0
DA:399,0
DA:400,0
DA:401,0
DA:407,0
DA:409,0
DA:411,0
DA:413,0
DA:414,0
DA:415,0
DA:418,0
DA:419,0
DA:421,0
DA:423,0
DA:425,0
DA:426,0
DA:430,0
DA:431,0
DA:432,0
DA:433,0
DA:434,0
DA:435,0
LF:174
LH:1
end_of_record
SF:lib/c/states.dart
DA:67,1
DA:71,3
DA:73,1
DA:75,2
DA:80,1
DA:84,1
DA:87,0
DA:89,0
DA:102,2
DA:126,1
DA:128,2
DA:132,0
DA:143,2
DA:145,3
DA:154,1
DA:155,1
DA:156,2
DA:157,1
DA:167,2
DA:169,1
DA:171,4
DA:172,0
DA:175,5
DA:179,0
DA:180,0
DA:183,1
DA:184,1
DA:186,1
DA:188,2
DA:189,0
DA:193,2
DA:198,1
DA:199,1
DA:200,3
DA:206,4
DA:207,2
DA:208,3
DA:209,1
DA:210,2
DA:213,0
DA:214,0
DA:216,2
DA:220,1
DA:222,4
DA:225,2
DA:228,0
DA:230,0
DA:231,0
DA:235,1
DA:237,3
DA:238,2
DA:242,1
DA:243,2
DA:244,1
DA:245,1
DA:246,1
DA:250,0
DA:252,0
DA:253,0
DA:255,0
DA:256,0
DA:259,1
DA:261,1
DA:262,3
DA:263,3
DA:266,0
DA:268,0
DA:269,0
DA:270,0
DA:271,0
DA:272,0
DA:274,0
DA:275,0
DA:276,0
DA:280,0
DA:282,0
DA:283,0
DA:285,0
DA:286,0
DA:287,0
DA:288,0
DA:289,0
DA:292,0
DA:294,0
DA:295,0
DA:298,0
DA:300,0
DA:301,0
DA:304,0
DA:306,0
DA:309,0
DA:310,0
DA:311,0
DA:312,0
DA:314,0
DA:317,1
DA:318,3
DA:320,0
DA:322,0
DA:323,0
DA:324,0
DA:325,0
DA:326,0
DA:327,0
DA:330,0
DA:331,0
DA:333,1
DA:334,1
DA:336,0
DA:339,0
DA:340,0
DA:341,0
DA:342,0
DA:346,0
DA:347,0
DA:349,0
DA:351,0
DA:352,0
DA:353,0
DA:356,1
DA:358,3
DA:359,1
DA:360,2
DA:361,0
DA:363,1
DA:364,3
DA:367,0
DA:369,0
DA:370,0
DA:373,1
DA:375,1
DA:377,0
DA:379,0
DA:380,0
DA:386,0
DA:387,0
DA:389,0
DA:390,0
DA:391,0
DA:394,0
DA:395,0
DA:396,0
DA:400,0
DA:403,1
DA:404,2
DA:411,2
DA:418,0
DA:420,0
DA:421,0
DA:422,0
DA:423,0
DA:425,0
DA:429,1
DA:431,1
DA:432,4
DA:434,1
DA:438,1
DA:440,4
DA:443,1
DA:445,1
DA:446,5
DA:447,1
DA:448,1
DA:449,0
DA:451,6
DA:456,0
DA:458,1
DA:461,3
DA:464,2
DA:467,2
DA:468,6
DA:472,0
DA:473,0
DA:474,0
DA:475,0
DA:476,0
DA:481,0
DA:482,0
DA:489,6
DA:496,5
DA:497,1
DA:498,2
DA:502,2
DA:504,4
DA:505,5
DA:506,3
DA:508,3
DA:509,2
DA:510,1
DA:511,3
DA:514,1
DA:515,0
DA:516,0
DA:517,0
DA:520,0
DA:521,0
DA:526,1
DA:529,1
DA:530,0
DA:531,1
DA:532,1
DA:533,2
DA:534,0
DA:535,1
DA:536,0
DA:544,3
DA:545,6
DA:547,1
DA:548,1
DA:549,1
DA:550,1
DA:551,3
DA:555,0
DA:557,0
DA:561,0
DA:562,0
DA:570,0
DA:571,0
DA:573,0
DA:574,0
DA:575,0
DA:576,0
DA:578,0
DA:579,0
DA:582,0
DA:586,1
DA:588,2
DA:589,4
DA:590,3
DA:592,1
DA:594,0
DA:595,2
DA:596,3
DA:599,2
DA:600,3
DA:601,1
DA:604,0
DA:605,0
DA:606,0
DA:607,0
DA:612,0
DA:614,0
DA:615,0
DA:616,0
DA:618,0
DA:623,1
DA:625,1
DA:626,2
DA:627,2
DA:628,1
DA:630,4
DA:634,0
DA:636,0
DA:637,0
DA:641,0
DA:643,0
DA:645,0
DA:647,0
DA:649,0
DA:650,0
DA:652,0
DA:654,0
DA:655,0
DA:659,0
DA:660,0
DA:662,0
DA:664,0
DA:667,0
DA:668,0
DA:670,0
DA:671,0
DA:673,0
DA:674,0
DA:676,0
DA:677,0
DA:679,0
DA:680,0
DA:682,0
DA:683,0
DA:685,0
DA:687,0
DA:689,0
DA:691,0
DA:693,0
DA:695,0
DA:697,0
DA:698,0
DA:712,1
DA:713,1
DA:717,1
DA:719,4
DA:720,0
DA:723,4
DA:725,0
DA:726,0
DA:727,1
DA:728,1
DA:730,0
DA:734,1
DA:735,2
DA:736,3
DA:744,1
DA:746,1
DA:750,1
DA:752,2
DA:753,1
DA:761,1
DA:764,2
DA:765,3
DA:766,1
DA:768,4
DA:769,1
DA:770,2
DA:771,2
DA:774,1
DA:779,1
DA:781,1
DA:782,3
DA:783,4
DA:785,1
DA:796,3
DA:798,1
DA:800,4
DA:801,2
DA:812,2
DA:814,4
DA:816,1
DA:818,2
DA:819,1
DA:820,2
DA:824,1
DA:826,3
DA:827,3
DA:828,1
DA:829,1
DA:831,1
DA:832,1
DA:833,1
DA:836,5
DA:841,1
DA:843,1
DA:844,1
DA:847,1
DA:849,1
DA:852,1
DA:853,6
DA:855,2
DA:858,0
DA:860,0
DA:861,0
DA:863,0
DA:866,1
DA:869,2
DA:870,2
DA:871,0
DA:872,0
DA:876,0
DA:877,0
DA:879,0
DA:880,0
DA:882,0
DA:883,0
DA:885,0
DA:886,0
DA:887,0
DA:888,0
DA:890,0
DA:893,0
DA:894,0
DA:895,0
DA:898,0
DA:903,0
DA:908,0
DA:911,0
DA:914,1
DA:916,3
DA:919,1
DA:921,3
DA:922,2
DA:923,3
DA:926,0
DA:927,0
DA:929,0
DA:931,0
DA:932,0
DA:933,0
DA:936,0
DA:938,0
DA:939,0
DA:940,0
DA:943,1
DA:945,2
DA:946,4
DA:947,4
DA:950,0
DA:952,0
DA:953,0
DA:956,1
DA:971,2
DA:972,2
DA:975,1
DA:977,3
DA:978,4
DA:980,0
DA:981,0
DA:982,0
DA:1000,2
DA:1002,1
DA:1004,1
DA:1005,1
DA:1006,0
DA:1009,2
DA:1010,2
DA:1011,2
DA:1012,2
DA:1013,4
DA:1028,0
DA:1032,0
DA:1034,0
DA:1036,0
DA:1037,0
DA:1039,0
DA:1041,0
DA:1044,0
DA:1053,0
DA:1055,0
DA:1065,0
DA:1067,0
DA:1069,0
DA:1070,0
DA:1071,0
DA:1072,0
DA:1074,0
DA:1076,0
DA:1079,0
DA:1081,0
DA:1089,0
DA:1090,0
DA:1092,0
DA:1093,0
DA:1094,0
DA:1095,0
DA:1096,0
DA:1097,0
DA:1098,0
DA:1099,0
DA:1100,0
DA:1101,0
DA:1102,0
DA:1103,0
DA:1104,0
DA:1105,0
DA:1106,0
DA:1107,0
DA:1109,0
DA:1110,0
DA:1111,0
DA:1112,0
DA:1113,0
DA:1114,0
DA:1115,0
DA:1116,0
DA:1117,0
DA:1120,0
DA:1121,0
DA:1122,0
DA:1126,0
DA:1128,0
DA:1129,0
DA:1141,1
DA:1142,1
DA:1143,1
DA:1146,4
DA:1148,0
DA:1150,0
DA:1153,1
DA:1155,1
DA:1156,2
DA:1157,2
DA:1164,3
DA:1165,2
DA:1166,2
DA:1167,3
DA:1168,3
DA:1169,2
DA:1172,1
DA:1173,3
DA:1174,4
DA:1175,1
DA:1176,5
DA:1177,5
DA:1180,2
DA:1181,1
DA:1183,3
DA:1185,2
DA:1186,3
DA:1188,1
DA:1190,2
DA:1191,1
DA:1192,2
DA:1193,3
DA:1195,2
DA:1196,2
DA:1198,3
DA:1201,1
DA:1204,3
DA:1205,3
DA:1208,2
DA:1209,1
DA:1210,0
DA:1211,0
DA:1212,0
DA:1213,0
DA:1214,0
DA:1215,0
DA:1216,0
DA:1217,0
DA:1219,0
DA:1220,0
DA:1221,0
DA:1222,0
DA:1224,0
DA:1225,0
DA:1226,0
DA:1227,0
DA:1228,0
DA:1230,0
DA:1233,0
DA:1235,2
DA:1236,2
DA:1240,2
DA:1241,2
DA:1242,2
DA:1243,1
DA:1244,1
DA:1245,2
DA:1246,3
DA:1247,2
DA:1248,2
DA:1249,1
DA:1251,2
DA:1252,1
DA:1256,1
DA:1259,1
DA:1260,0
DA:1263,1
DA:1267,1
DA:1268,2
DA:1269,3
DA:1270,3
DA:1271,3
DA:1273,2
DA:1275,3
DA:1276,3
DA:1291,0
DA:1293,0
DA:1295,0
DA:1297,0
DA:1299,0
DA:1300,0
DA:1301,0
DA:1302,0
DA:1304,0
DA:1305,0
DA:1308,0
DA:1309,0
DA:1311,0
DA:1314,0
DA:1315,0
DA:1316,0
DA:1318,0
DA:1319,0
DA:1321,0
DA:1323,0
DA:1324,0
DA:1325,0
DA:1327,0
DA:1332,0
DA:1333,0
DA:1335,0
DA:1336,0
DA:1338,0
DA:1340,0
DA:1341,0
DA:1345,0
DA:1347,0
DA:1349,0
DA:1363,0
DA:1365,0
DA:1367,0
DA:1368,0
DA:1369,0
DA:1374,0
DA:1375,0
DA:1377,0
DA:1378,0
DA:1379,0
DA:1380,0
DA:1382,0
DA:1383,0
DA:1386,0
DA:1387,0
DA:1388,0
DA:1393,1
DA:1395,1
DA:1396,1
DA:1397,1
DA:1398,1
DA:1399,0
DA:1400,0
LF:610
LH:274
end_of_record
SF:lib/v/buttons.dart
DA:74,0
DA:102,0
DA:121,0
DA:122,0
DA:123,0
DA:124,0
DA:125,0
DA:126,0
DA:127,0
DA:129,0
DA:132,0
DA:134,0
DA:135,0
DA:136,0
DA:137,0
DA:138,0
DA:139,0
DA:141,0
DA:143,0
DA:145,0
DA:147,0
DA:148,0
DA:157,0
DA:159,0
DA:161,0
DA:164,0
DA:167,0
DA:169,0
DA:172,0
DA:174,0
DA:180,0
DA:181,0
DA:183,0
DA:185,0
DA:189,0
DA:191,0
DA:193,0
DA:196,0
DA:199,0
DA:201,0
DA:203,0
DA:209,0
DA:211,0
DA:213,0
DA:233,0
DA:241,0
DA:243,0
DA:244,0
DA:245,0
DA:246,0
DA:251,0
DA:252,0
DA:253,0
DA:254,0
DA:255,0
DA:257,0
DA:258,0
DA:259,0
DA:261,0
DA:262,0
DA:263,0
DA:264,0
DA:265,0
DA:266,0
DA:268,0
DA:272,0
DA:312,0
DA:316,0
DA:318,0
DA:319,0
DA:321,0
DA:322,0
DA:323,0
DA:325,0
DA:326,0
DA:327,0
DA:328,0
DA:329,0
DA:330,0
DA:331,0
DA:332,0
DA:333,0
DA:334,0
DA:335,0
DA:336,0
DA:337,0
DA:339,0
DA:343,0
DA:344,0
DA:345,0
DA:346,0
DA:348,0
DA:350,0
DA:354,0
DA:355,0
DA:357,0
DA:358,0
DA:359,0
DA:360,0
DA:362,0
DA:363,0
DA:367,0
DA:368,0
DA:369,0
DA:370,0
DA:372,0
DA:374,0
DA:376,0
DA:380,0
DA:381,0
DA:382,0
DA:383,0
DA:385,0
DA:387,0
DA:388,0
DA:392,0
DA:393,0
DA:394,0
DA:395,0
DA:396,0
DA:398,0
DA:401,0
DA:405,0
DA:406,0
DA:408,0
DA:409,0
DA:410,0
DA:411,0
DA:414,0
DA:415,0
DA:416,0
DA:420,0
DA:425,0
DA:426,0
DA:430,0
DA:431,0
DA:432,0
DA:433,0
DA:437,0
DA:438,0
DA:441,0
DA:442,0
DA:447,0
DA:448,0
DA:451,0
DA:452,0
DA:458,0
DA:459,0
DA:462,0
DA:463,0
DA:468,0
DA:469,0
DA:472,0
DA:474,0
DA:475,0
DA:476,0
DA:479,0
DA:482,0
DA:483,0
DA:484,0
DA:486,0
DA:488,0
DA:490,0
DA:492,0
DA:493,0
DA:494,0
DA:495,0
DA:496,0
DA:497,0
DA:501,0
DA:502,0
DA:504,0
DA:505,0
DA:507,0
DA:508,0
DA:517,0
DA:529,0
DA:532,0
DA:533,0
DA:535,0
DA:536,0
DA:538,0
DA:539,0
DA:540,0
DA:542,0
DA:544,0
DA:546,0
DA:547,0
DA:549,0
DA:553,0
DA:554,0
DA:562,0
DA:573,0
DA:577,0
DA:578,0
DA:579,0
DA:580,0
DA:581,0
DA:582,0
DA:584,0
DA:586,0
DA:587,0
DA:592,0
DA:593,0
DA:594,0
DA:595,0
DA:596,0
DA:597,0
DA:599,0
DA:605,0
DA:608,0
DA:609,0
DA:612,0
DA:615,0
DA:616,0
DA:619,0
DA:623,0
DA:634,0
DA:639,0
DA:641,0
DA:645,0
DA:646,0
DA:647,0
DA:650,0
DA:651,0
DA:652,0
DA:660,0
DA:671,0
DA:674,0
DA:676,0
DA:678,0
DA:680,0
DA:682,0
DA:684,0
DA:685,0
DA:686,0
DA:687,0
DA:689,0
DA:697,0
DA:708,0
DA:711,0
DA:713,0
DA:715,0
DA:717,0
DA:719,0
DA:721,0
DA:722,0
DA:723,0
DA:724,0
DA:726,0
DA:735,0
DA:745,0
DA:748,0
DA:750,0
DA:751,0
DA:755,0
DA:756,0
DA:766,0
DA:776,0
DA:779,0
DA:781,0
DA:783,0
DA:784,0
DA:788,0
DA:789,0
DA:790,0
DA:800,0
DA:810,0
DA:813,0
DA:815,0
DA:817,0
DA:818,0
DA:822,0
DA:823,0
DA:824,0
DA:832,0
DA:844,0
DA:845,0
DA:846,0
DA:847,0
DA:848,0
DA:849,0
DA:858,0
DA:860,0
DA:861,0
DA:863,0
DA:864,0
DA:866,0
DA:867,0
DA:869,0
DA:870,0
DA:872,0
DA:873,0
DA:875,0
DA:876,0
DA:878,0
DA:879,0
DA:881,0
DA:882,0
DA:884,0
DA:885,0
DA:886,0
DA:887,0
DA:890,0
DA:891,0
DA:892,0
DA:893,0
DA:896,0
DA:897,0
DA:898,0
DA:899,0
DA:900,0
DA:903,0
DA:904,0
DA:905,0
DA:906,0
DA:907,0
DA:915,0
DA:917,0
DA:919,0
DA:920,0
DA:921,0
DA:922,0
DA:925,0
DA:927,0
DA:928,0
DA:929,0
DA:930,0
DA:933,0
DA:936,0
DA:937,0
DA:938,0
DA:939,0
DA:940,0
DA:941,0
DA:944,0
DA:945,0
DA:947,0
DA:950,0
DA:952,0
DA:954,0
DA:955,0
DA:956,0
DA:957,0
DA:958,0
DA:964,0
DA:966,0
DA:967,0
DA:968,0
DA:972,0
DA:974,0
DA:976,0
DA:977,0
DA:978,0
DA:980,0
DA:982,0
DA:983,0
DA:984,0
DA:985,0
DA:987,0
DA:991,0
DA:992,0
DA:993,0
DA:994,0
DA:996,0
DA:1000,0
DA:1001,0
DA:1002,0
DA:1003,0
DA:1005,0
DA:1015,0
DA:1020,0
DA:1024,0
DA:1025,0
DA:1026,0
DA:1027,0
DA:1030,0
DA:1032,0
DA:1033,0
DA:1034,0
LF:380
LH:0
end_of_record
SF:lib/m/complex.dart
DA:15,3
DA:17,0
DA:18,0
DA:19,0
DA:23,0
DA:24,0
DA:25,0
DA:26,0
DA:28,0
DA:29,0
DA:30,0
DA:33,0
DA:35,0
DA:36,0
DA:38,0
DA:39,0
DA:41,0
DA:43,0
DA:45,0
DA:46,0
DA:47,0
DA:49,0
DA:50,0
DA:51,0
DA:52,0
DA:55,0
DA:60,0
DA:61,0
DA:62,0
DA:65,0
DA:70,0
DA:74,0
DA:75,0
DA:76,0
DA:77,0
DA:81,0
DA:82,0
DA:83,0
DA:84,0
DA:85,0
DA:89,0
DA:90,0
DA:91,0
DA:92,0
DA:94,0
DA:95,0
DA:96,0
DA:97,0
DA:99,0
DA:101,0
DA:103,0
DA:105,0
DA:107,0
DA:108,0
DA:109,0
DA:110,0
DA:112,0
DA:113,0
DA:114,0
DA:115,0
DA:116,0
DA:117,0
DA:121,0
DA:122,0
DA:123,0
DA:125,0
DA:127,0
DA:128,0
DA:129,0
DA:130,0
DA:131,0
DA:133,0
DA:134,0
DA:135,0
DA:142,0
DA:143,0
DA:144,0
DA:145,0
DA:146,0
DA:150,0
DA:151,0
DA:152,0
LF:82
LH:1
end_of_record
SF:lib/v/lcd_display.dart
DA:61,0
DA:63,0
DA:64,0
DA:71,0
DA:73,0
DA:74,0
DA:77,0
DA:79,0
DA:80,0
DA:83,0
DA:84,0
DA:85,0
DA:89,0
DA:91,0
DA:93,0
DA:94,0
DA:95,0
DA:96,0
DA:97,0
DA:98,0
DA:99,0
DA:100,0
DA:101,0
DA:108,0
DA:114,0
DA:116,0
DA:117,0
DA:118,0
DA:119,0
DA:120,0
DA:121,0
DA:122,0
DA:123,0
DA:124,0
DA:126,0
DA:127,0
DA:128,0
DA:129,0
DA:130,0
DA:131,0
DA:132,0
DA:133,0
DA:134,0
DA:136,0
DA:137,0
DA:138,0
DA:141,0
DA:147,0
DA:148,0
DA:154,0
DA:155,0
DA:156,0
DA:157,0
DA:161,0
DA:162,0
DA:164,0
DA:165,0
DA:166,0
DA:167,0
DA:171,0
DA:172,0
DA:174,0
DA:176,0
DA:177,0
DA:181,0
DA:182,0
DA:184,0
DA:185,0
DA:186,0
DA:190,0
DA:191,0
DA:193,0
DA:194,0
DA:196,0
DA:198,0
DA:199,0
DA:203,0
DA:204,0
DA:206,0
DA:207,0
DA:209,0
DA:210,0
DA:211,0
DA:215,0
DA:216,0
DA:218,0
DA:219,0
DA:220,0
DA:224,0
DA:225,0
DA:227,0
DA:228,0
DA:229,0
DA:230,0
DA:231,0
DA:235,0
DA:236,0
DA:238,0
DA:239,0
DA:243,0
DA:244,0
DA:246,0
DA:247,0
DA:249,0
DA:250,0
DA:251,0
DA:255,0
DA:256,0
DA:258,0
DA:259,0
DA:260,0
DA:264,0
DA:265,0
DA:270,0
DA:272,0
DA:273,0
DA:274,0
DA:275,0
DA:276,0
DA:277,0
DA:278,0
DA:279,0
DA:280,0
DA:281,0
DA:284,0
DA:286,0
DA:297,0
DA:299,0
DA:301,0
DA:302,0
DA:303,0
DA:304,0
DA:305,0
DA:306,0
DA:307,0
DA:308,0
DA:309,0
DA:310,0
DA:311,0
DA:312,0
DA:313,0
DA:314,0
DA:315,0
DA:316,0
DA:317,0
DA:318,0
DA:319,0
DA:320,0
DA:321,0
DA:322,0
DA:323,0
DA:324,0
DA:325,0
DA:326,0
DA:327,0
DA:328,0
DA:329,0
DA:330,0
DA:331,0
DA:332,0
DA:333,0
DA:334,0
DA:335,0
DA:336,0
DA:337,0
DA:338,0
DA:339,0
DA:340,0
DA:341,0
DA:342,0
DA:343,0
DA:346,0
DA:347,0
DA:348,0
DA:350,0
DA:351,0
DA:352,0
DA:354,0
DA:356,0
DA:357,0
DA:358,0
DA:359,0
DA:363,0
DA:364,0
DA:366,0
DA:368,0
DA:369,0
DA:370,0
DA:371,0
DA:373,0
DA:374,0
DA:375,0
DA:377,0
DA:378,0
DA:410,0
DA:425,0
DA:442,0
DA:443,0
DA:445,0
DA:446,0
DA:447,0
DA:448,0
DA:450,0
DA:451,0
DA:452,0
DA:454,0
DA:455,0
DA:456,0
DA:457,0
DA:458,0
DA:459,0
DA:464,0
DA:465,0
DA:466,0
DA:469,0
DA:470,0
DA:471,0
DA:472,0
DA:473,0
DA:474,0
DA:477,0
DA:478,0
DA:479,0
DA:480,0
DA:481,0
DA:482,0
DA:485,0
DA:486,0
DA:487,0
DA:488,0
DA:489,0
DA:490,0
DA:493,0
DA:494,0
DA:495,0
DA:496,0
DA:497,0
DA:498,0
DA:501,0
DA:502,0
DA:503,0
DA:504,0
DA:505,0
DA:506,0
DA:509,0
DA:510,0
DA:511,0
DA:512,0
DA:513,0
DA:514,0
DA:517,0
DA:518,0
DA:519,0
DA:520,0
DA:521,0
DA:522,0
DA:523,0
DA:524,0
DA:529,0
DA:530,0
DA:531,0
DA:532,0
DA:533,0
DA:534,0
DA:535,0
DA:536,0
DA:537,0
DA:540,0
DA:541,0
DA:542,0
DA:543,0
DA:544,0
DA:545,0
DA:546,0
DA:547,0
DA:549,0
DA:557,0
DA:563,0
DA:564,0
DA:565,0
DA:566,0
DA:567,0
DA:568,0
DA:569,0
LF:284
LH:0
end_of_record
